<?xml version="1.0" encoding="UTF-8"?>
<!-- Generated by org.testng.reporters.JUnitReportReporter -->
<testsuite skipped="0" hostname="User-PC" name="com.TwitterAPIProject.goodpractice.RetrieveTweets" tests="1" failures="0" timestamp="23 May 2019 17:18:16 GMT" time="2.146" errors="0">
  <testcase name="getTweets" time="2.146" classname="com.TwitterAPIProject.goodpractice.RetrieveTweets"/>
</testsuite> <!-- com.TwitterAPIProject.goodpractice.RetrieveTweets -->
