<?xml version="1.0" encoding="UTF-8"?>
<!-- Generated by org.testng.reporters.JUnitReportReporter -->
<testsuite skipped="0" hostname="User-PC" name="com.TwitterAPIProject.goodpractice.DeleteTweet" tests="1" failures="0" timestamp="23 May 2019 17:35:32 GMT" time="2.295" errors="0">
  <testcase name="deleteUpdatedTweet" time="2.295" classname="com.TwitterAPIProject.goodpractice.DeleteTweet"/>
</testsuite> <!-- com.TwitterAPIProject.goodpractice.DeleteTweet -->
