<?xml version="1.0" encoding="UTF-8"?>
<!-- Generated by org.testng.reporters.JUnitReportReporter -->
<testsuite skipped="0" hostname="User-PC" name="com.TwitterAPIProject.goodpractice.UpdateTweets" tests="2" failures="0" timestamp="23 May 2019 17:53:09 GMT" time="2.754" errors="0">
  <testcase name="deleteUpdatedTweet" time="0.435" classname="com.TwitterAPIProject.goodpractice.UpdateTweets"/>
  <testcase name="addTweets" time="2.319" classname="com.TwitterAPIProject.goodpractice.UpdateTweets"/>
</testsuite> <!-- com.TwitterAPIProject.goodpractice.UpdateTweets -->
